<?xml version="1.0" encoding="UTF-8"?>
<!-- Generated by org.testng.reporters.JUnitReportReporter -->
<testsuite hostname="DESKTOP-GJNDS4M" failures="0" tests="1" name="automationLearningOct2022.lambdatestlogin" time="30.323" errors="0" timestamp="2022-11-15T09:37:08 IST" skipped="0">
  <testcase classname="automationLearningOct2022.lambdatestlogin" name="method1" time="30.323"/>
  <system-out/>
</testsuite> <!-- automationLearningOct2022.lambdatestlogin -->
