<?xml version="1.0" encoding="UTF-8"?>
<!-- Generated by org.testng.reporters.JUnitReportReporter -->
<testsuite hostname="DESKTOP-GJNDS4M" failures="0" tests="1" name="automationLearningOct2022.JavaScriptExecutorDemo" time="8.097" errors="0" timestamp="2022-11-17T09:42:25 IST" skipped="0">
  <testcase classname="automationLearningOct2022.JavaScriptExecutorDemo" name="scrollview" time="8.097"/>
  <system-out/>
</testsuite> <!-- automationLearningOct2022.JavaScriptExecutorDemo -->
