<?xml version="1.0" encoding="UTF-8"?>
<!-- Generated by org.testng.reporters.JUnitReportReporter -->
<testsuite hostname="DESKTOP-GJNDS4M" failures="0" tests="1" name="automationLearningOct2022.simpleCalculator" time="9.640" errors="0" timestamp="2022-10-31T19:41:13 IST" skipped="0">
  <testcase classname="automationLearningOct2022.simpleCalculator" name="addNumbers" time="9.640"/>
  <system-out/>
</testsuite> <!-- automationLearningOct2022.simpleCalculator -->
