<?xml version="1.0" encoding="UTF-8"?>
<!-- Generated by org.testng.reporters.JUnitReportReporter -->
<testsuite hostname="DESKTOP-GJNDS4M" failures="0" tests="1" name="automationLearningOct2022.SimpleForLoop" time="0.008" errors="0" timestamp="2022-11-12T10:40:58 IST" skipped="0">
  <testcase classname="automationLearningOct2022.SimpleForLoop" name="forLoopDemo" time="0.008"/>
  <system-out/>
</testsuite> <!-- automationLearningOct2022.SimpleForLoop -->
