<?xml version="1.0" encoding="UTF-8"?>
<!-- Generated by org.testng.reporters.JUnitReportReporter -->
<testsuite hostname="DESKTOP-GJNDS4M" failures="0" tests="1" name="automationLearningOct2022.UpdateLambdaTestAcc" time="11.084" errors="0" timestamp="2022-11-20T10:03:43 IST" skipped="0">
  <testcase classname="automationLearningOct2022.UpdateLambdaTestAcc" name="acclogin" time="11.084"/>
  <system-out/>
</testsuite> <!-- automationLearningOct2022.UpdateLambdaTestAcc -->
