<?xml version="1.0" encoding="UTF-8"?>
<!-- Generated by org.testng.reporters.JUnitReportReporter -->
<testsuite hostname="DESKTOP-GJNDS4M" failures="0" tests="2" name="automationLearningOct2022.UseDataFromExcel" time="44.811" errors="0" timestamp="2022-11-12T10:26:27 IST" skipped="0">
  <testcase classname="automationLearningOct2022.UseDataFromExcel" name="printTestdata" time="25.945"/>
  <system-out/>
  <testcase classname="automationLearningOct2022.UseDataFromExcel" name="printTestdata" time="18.866"/>
  <system-out/>
</testsuite> <!-- automationLearningOct2022.UseDataFromExcel -->
