<?xml version="1.0" encoding="UTF-8"?>
<!-- Generated by org.testng.reporters.JUnitReportReporter -->
<testsuite hostname="DESKTOP-GJNDS4M" failures="0" tests="9" name="automationLearningOct2022.TestNgDemo" time="0.019" errors="0" timestamp="2022-11-10T08:55:54 IST" skipped="1">
  <testcase classname="automationLearningOct2022.TestNgDemo" name="methodBeforeSuite" time="0.002"/>
  <system-out/>
  <testcase classname="automationLearningOct2022.TestNgDemo" name="methodBeforeSuite" time="0.001"/>
  <system-out/>
  <testcase classname="automationLearningOct2022.TestNgDemo" name="methodBeforeSuite" time="0.009"/>
  <system-out/>
  <testcase classname="automationLearningOct2022.TestNgDemo" name="methodBeforeSuite" time="0.002"/>
  <system-out/>
  <testcase classname="automationLearningOct2022.TestNgDemo" name="methodBeforeSuite" time="0.001"/>
  <system-out/>
  <testcase classname="automationLearningOct2022.TestNgDemo" name="methodAfter" time="0.001"/>
  <system-out/>
  <testcase classname="automationLearningOct2022.TestNgDemo" name="methodBefore" time="0.002"/>
  <system-out/>
  <testcase classname="automationLearningOct2022.TestNgDemo" name="Testcase1" time="0.001"/>
  <system-out/>
  <testcase classname="automationLearningOct2022.TestNgDemo" name="methodBeforeClass">
    <skipped/>
  </testcase> <!-- methodBeforeClass -->
  <system-out/>
</testsuite> <!-- automationLearningOct2022.TestNgDemo -->
