<?xml version="1.0" encoding="UTF-8"?>
<!-- Generated by org.testng.reporters.JUnitReportReporter -->
<testsuite hostname="DESKTOP-GJNDS4M" failures="0" tests="1" name="automationLearningOct2022.MouseOverAction" time="9.855" errors="0" timestamp="2022-11-12T19:26:23 IST" skipped="0">
  <testcase classname="automationLearningOct2022.MouseOverAction" name="mouseOverActionDemo" time="9.855"/>
  <system-out/>
</testsuite> <!-- automationLearningOct2022.MouseOverAction -->
