<?xml version="1.0" encoding="UTF-8"?>
<!-- Generated by org.testng.reporters.JUnitReportReporter -->
<testsuite hostname="DESKTOP-GJNDS4M" failures="0" tests="1" name="automationLearningOct2022.WindowsHandling" time="3.662" errors="0" timestamp="2022-10-27T07:16:08 IST" skipped="0">
  <testcase classname="automationLearningOct2022.WindowsHandling" name="windowHandle1" time="3.662"/>
  <system-out/>
</testsuite> <!-- automationLearningOct2022.WindowsHandling -->
