<?xml version="1.0" encoding="UTF-8"?>
<!-- Generated by org.testng.reporters.JUnitReportReporter -->
<testsuite hostname="DESKTOP-GJNDS4M" failures="0" tests="2" name="TestRunner.Runner" time="24.811" errors="0" timestamp="2022-11-26T10:35:52 IST" skipped="0">
  <testcase classname="TestRunner.Runner" name="runScenario" time="16.369"/>
  <system-out/>
  <testcase classname="TestRunner.Runner" name="runScenario" time="8.442"/>
  <system-out/>
</testsuite> <!-- TestRunner.Runner -->
