<?xml version="1.0" encoding="UTF-8"?>
<!-- Generated by org.testng.reporters.JUnitReportReporter -->
<testsuite hostname="DESKTOP-GJNDS4M" failures="0" tests="1" name="automationLearningOct2022.ElementsCountContactForm" time="7.374" errors="0" timestamp="2022-11-08T09:24:15 IST" skipped="0">
  <testcase classname="automationLearningOct2022.ElementsCountContactForm" name="elementsCount" time="7.374"/>
  <system-out/>
</testsuite> <!-- automationLearningOct2022.ElementsCountContactForm -->
