<?xml version="1.0" encoding="UTF-8"?>
<!-- Generated by org.testng.reporters.JUnitReportReporter -->
<testsuite hostname="DESKTOP-GJNDS4M" failures="0" tests="3" name="automationLearningOct2022.TestDataFromStringArray" time="66.375" errors="0" timestamp="2022-11-10T09:31:31 IST" skipped="0">
  <testcase classname="automationLearningOct2022.TestDataFromStringArray" name="enterDataUsingString" time="18.453"/>
  <system-out/>
  <testcase classname="automationLearningOct2022.TestDataFromStringArray" name="enterDataUsingString" time="27.701"/>
  <system-out/>
  <testcase classname="automationLearningOct2022.TestDataFromStringArray" name="enterDataUsingString" time="20.221"/>
  <system-out/>
</testsuite> <!-- automationLearningOct2022.TestDataFromStringArray -->
