<?xml version="1.0" encoding="UTF-8"?>
<!-- Generated by org.testng.reporters.JUnitReportReporter -->
<testsuite hostname="DESKTOP-GJNDS4M" failures="0" tests="2" name="TestRunner.Runner" time="21.528" errors="0" timestamp="2022-11-26T10:42:49 IST" skipped="0">
  <testcase classname="TestRunner.Runner" name="runScenario" time="12.312"/>
  <system-out/>
  <testcase classname="TestRunner.Runner" name="runScenario" time="9.216"/>
  <system-out/>
</testsuite> <!-- TestRunner.Runner -->
